2025-05-18 12:10:57,705 [INFO] __main__: Training shape model with generated config.
2025-05-18 12:10:58,173 [INFO] __main__: Initialized wandb for logging
2025-05-18 12:10:58,173 [INFO] __main__: Creating CustomShapeTrainer
2025-05-18 12:10:58,173 [INFO] dataloader.morphofeatures_adapter: Creating MorphoFeatures-compatible dataloader for root_dir: high_res_dataset2
2025-05-18 12:10:58,179 [INFO] dataloader.morphofeatures_adapter: Created dataloader with 4 samples
2025-05-18 12:10:58,179 [INFO] dataloader.morphofeatures_adapter: Adapted dataloader for MorphoFeatures with 4 samples
2025-05-18 12:10:59,083 [INFO] dataloader.morphofeatures_adapter: Sample batch shapes:
2025-05-18 12:10:59,084 [INFO] dataloader.morphofeatures_adapter:   - points: torch.Size([4, 3, 1024])
2025-05-18 12:10:59,084 [INFO] dataloader.morphofeatures_adapter:   - features: torch.Size([4, 6, 1024])
2025-05-18 12:10:59,084 [INFO] dataloader.morphofeatures_adapter: ✅ Dataloader format compatible with MorphoFeatures
2025-05-18 12:10:59,105 [INFO] dataloader.morphofeatures_adapter: Creating MorphoFeatures-compatible dataloader for root_dir: high_res_dataset2
2025-05-18 12:10:59,110 [INFO] dataloader.morphofeatures_adapter: Created dataloader with 4 samples
2025-05-18 12:10:59,110 [INFO] dataloader.morphofeatures_adapter: Adapted dataloader for MorphoFeatures with 4 samples
2025-05-18 12:10:59,920 [INFO] dataloader.morphofeatures_adapter: Sample batch shapes:
2025-05-18 12:10:59,921 [INFO] dataloader.morphofeatures_adapter:   - points: torch.Size([4, 3, 1024])
2025-05-18 12:10:59,921 [INFO] dataloader.morphofeatures_adapter:   - features: torch.Size([4, 6, 1024])
2025-05-18 12:10:59,921 [INFO] dataloader.morphofeatures_adapter: ✅ Dataloader format compatible with MorphoFeatures
2025-05-18 12:10:59,942 [INFO] __main__: Train dataset size: 4
2025-05-18 12:10:59,942 [INFO] __main__: Validation dataset size: 4
2025-05-18 12:11:00,848 [INFO] __main__: Starting training
2025-05-18 12:11:00,848 [INFO] __main__: Starting model training via fit()...
2025-05-18 12:11:01,518 [INFO] __main__: Epoch 0 → avg validation loss: 0.000000
2025-05-18 12:11:01,538 [INFO] __main__: New best validation loss: 0.000000
2025-05-18 12:11:01,980 [INFO] __main__: Epoch 0 → avg train loss: 0.817808
2025-05-18 12:11:02,112 [INFO] __main__: Epoch 0 → avg validation loss: 0.000000
2025-05-18 12:11:02,294 [INFO] __main__: Epoch 1 → avg train loss: 0.632163
2025-05-18 12:11:02,418 [INFO] __main__: Epoch 1 → avg validation loss: 0.000000
2025-05-18 12:11:02,612 [INFO] __main__: Epoch 2 → avg train loss: 0.891800
2025-05-18 12:11:02,739 [INFO] __main__: Epoch 2 → avg validation loss: 0.288679
2025-05-18 12:11:02,936 [INFO] __main__: Epoch 3 → avg train loss: 0.427872
2025-05-18 12:11:03,063 [INFO] __main__: Epoch 3 → avg validation loss: 0.549208
2025-05-18 12:11:03,252 [INFO] __main__: Epoch 4 → avg train loss: 0.925300
2025-05-18 12:11:03,380 [INFO] __main__: Epoch 4 → avg validation loss: 0.615121
2025-05-18 12:11:03,567 [INFO] __main__: Epoch 5 → avg train loss: 0.945620
2025-05-18 12:11:03,730 [INFO] __main__: Epoch 5 → avg validation loss: 0.000000
2025-05-18 12:11:03,940 [INFO] __main__: Epoch 6 → avg train loss: 0.000000
2025-05-18 12:11:04,066 [INFO] __main__: Epoch 6 → avg validation loss: 0.799139
2025-05-18 12:11:04,261 [INFO] __main__: Epoch 7 → avg train loss: 0.667050
2025-05-18 12:11:04,389 [INFO] __main__: Epoch 7 → avg validation loss: 0.818852
2025-05-18 12:11:04,584 [INFO] __main__: Epoch 8 → avg train loss: 0.059213
2025-05-18 12:11:04,713 [INFO] __main__: Epoch 8 → avg validation loss: 0.854037
2025-05-18 12:11:04,899 [INFO] __main__: Epoch 9 → avg train loss: 0.846315
2025-05-18 12:11:05,030 [INFO] __main__: Epoch 9 → avg validation loss: 0.000000
2025-05-18 12:11:05,492 [INFO] __main__: Shape model training completed.
