2025-05-18 10:52:23,558 [INFO] __main__: Training shape model with config: configs/shape_config.yaml
2025-05-18 10:52:23,559 [INFO] __main__: Loading configuration from configs/shape_config.yaml
2025-05-18 10:52:24,022 [INFO] __main__: Initialized wandb for logging
2025-05-18 10:52:24,022 [INFO] __main__: Creating CustomShapeTrainer
2025-05-18 10:52:24,023 [INFO] dataloader.morphofeatures_adapter: Creating MorphoFeatures-compatible dataloader for root_dir: nuclei_sample_1a_v1
2025-05-18 10:52:24,110 [INFO] dataloader.morphofeatures_adapter: Created dataloader with 612 samples
2025-05-18 10:52:24,110 [INFO] dataloader.morphofeatures_adapter: Adapted dataloader for MorphoFeatures with 612 samples
2025-05-18 10:52:24,113 [INFO] dataloader.morphofeatures_adapter: Sample batch shapes:
2025-05-18 10:52:24,114 [INFO] dataloader.morphofeatures_adapter:   - points: torch.Size([2, 3, 1024])
2025-05-18 10:52:24,114 [INFO] dataloader.morphofeatures_adapter:   - features: torch.Size([2, 6, 1024])
2025-05-18 10:52:24,114 [INFO] dataloader.morphofeatures_adapter: ✅ Dataloader format compatible with MorphoFeatures
2025-05-18 10:52:24,114 [INFO] dataloader.morphofeatures_adapter: Creating MorphoFeatures-compatible dataloader for root_dir: nuclei_sample_1a_v1
2025-05-18 10:52:24,145 [INFO] dataloader.morphofeatures_adapter: Created dataloader with 612 samples
2025-05-18 10:52:24,145 [INFO] dataloader.morphofeatures_adapter: Adapted dataloader for MorphoFeatures with 612 samples
2025-05-18 10:52:24,147 [INFO] dataloader.morphofeatures_adapter: Sample batch shapes:
2025-05-18 10:52:24,147 [INFO] dataloader.morphofeatures_adapter:   - points: torch.Size([2, 3, 1024])
2025-05-18 10:52:24,147 [INFO] dataloader.morphofeatures_adapter:   - features: torch.Size([2, 6, 1024])
2025-05-18 10:52:24,147 [INFO] dataloader.morphofeatures_adapter: ✅ Dataloader format compatible with MorphoFeatures
2025-05-18 10:52:24,147 [INFO] __main__: Train dataset size: 612
2025-05-18 10:52:24,147 [INFO] __main__: Validation dataset size: 612
2025-05-18 10:52:25,007 [INFO] __main__: Starting training
2025-05-18 10:52:25,007 [INFO] __main__: Starting model training via fit()...
2025-05-18 10:53:38,360 [INFO] __main__: Epoch 0 → avg validation loss: 0.000000
2025-05-18 10:53:38,374 [INFO] __main__: New best validation loss: 0.000000
2025-05-18 10:55:14,184 [INFO] __main__: Epoch 0 → avg train loss: 0.120054
2025-05-18 10:56:06,317 [INFO] __main__: Epoch 0 → avg validation loss: 0.034214
2025-05-18 10:57:42,628 [INFO] __main__: Epoch 1 → avg train loss: 0.005425
2025-05-18 10:58:35,353 [INFO] __main__: Epoch 1 → avg validation loss: 0.000094
2025-05-18 11:00:11,551 [INFO] __main__: Epoch 2 → avg train loss: 0.000000
2025-05-18 11:01:03,834 [INFO] __main__: Epoch 2 → avg validation loss: 0.003769
2025-05-18 11:02:40,189 [INFO] __main__: Epoch 3 → avg train loss: 0.017473
2025-05-18 11:03:33,606 [INFO] __main__: Epoch 3 → avg validation loss: 0.037015
2025-05-18 11:05:11,697 [INFO] __main__: Epoch 4 → avg train loss: 0.000000
2025-05-18 11:06:03,444 [INFO] __main__: Epoch 4 → avg validation loss: 0.016248
2025-05-18 11:07:40,749 [INFO] __main__: Epoch 5 → avg train loss: 0.000000
2025-05-18 11:08:34,515 [INFO] __main__: Epoch 5 → avg validation loss: 0.008863
2025-05-18 11:10:10,892 [INFO] __main__: Epoch 6 → avg train loss: 0.000000
2025-05-18 11:11:05,746 [INFO] __main__: Epoch 6 → avg validation loss: 0.018778
