2025-05-18 12:12:16,702 [INFO] __main__: Training shape model with generated config.
2025-05-18 12:12:17,197 [INFO] __main__: Initialized wandb for logging
2025-05-18 12:12:17,198 [INFO] __main__: Creating CustomShapeTrainer
2025-05-18 12:12:17,198 [INFO] dataloader.morphofeatures_adapter: Creating MorphoFeatures-compatible dataloader for root_dir: high_res_dataset2
2025-05-18 12:12:17,203 [INFO] dataloader.morphofeatures_adapter: Created dataloader with 4 samples
2025-05-18 12:12:17,203 [INFO] dataloader.morphofeatures_adapter: Adapted dataloader for MorphoFeatures with 4 samples
2025-05-18 12:12:18,034 [INFO] dataloader.morphofeatures_adapter: Sample batch shapes:
2025-05-18 12:12:18,034 [INFO] dataloader.morphofeatures_adapter:   - points: torch.Size([4, 3, 1024])
2025-05-18 12:12:18,035 [INFO] dataloader.morphofeatures_adapter:   - features: torch.Size([4, 6, 1024])
2025-05-18 12:12:18,035 [INFO] dataloader.morphofeatures_adapter: ✅ Dataloader format compatible with MorphoFeatures
2025-05-18 12:12:18,055 [INFO] dataloader.morphofeatures_adapter: Creating MorphoFeatures-compatible dataloader for root_dir: high_res_dataset2
2025-05-18 12:12:18,059 [INFO] dataloader.morphofeatures_adapter: Created dataloader with 4 samples
2025-05-18 12:12:18,060 [INFO] dataloader.morphofeatures_adapter: Adapted dataloader for MorphoFeatures with 4 samples
2025-05-18 12:12:18,854 [INFO] dataloader.morphofeatures_adapter: Sample batch shapes:
2025-05-18 12:12:18,855 [INFO] dataloader.morphofeatures_adapter:   - points: torch.Size([4, 3, 1024])
2025-05-18 12:12:18,855 [INFO] dataloader.morphofeatures_adapter:   - features: torch.Size([4, 6, 1024])
2025-05-18 12:12:18,855 [INFO] dataloader.morphofeatures_adapter: ✅ Dataloader format compatible with MorphoFeatures
2025-05-18 12:12:18,879 [INFO] __main__: Train dataset size: 4
2025-05-18 12:12:18,879 [INFO] __main__: Validation dataset size: 4
2025-05-18 12:12:19,735 [INFO] __main__: Starting training
2025-05-18 12:12:19,735 [INFO] __main__: Starting model training via fit()...
2025-05-18 12:12:20,115 [INFO] __main__: Epoch 0 → avg validation loss: 0.000000
2025-05-18 12:12:20,136 [INFO] __main__: New best validation loss: 0.000000
2025-05-18 12:12:20,428 [INFO] __main__: Epoch 0 → avg train loss: 0.000000
2025-05-18 12:12:20,549 [INFO] __main__: Epoch 0 → avg validation loss: 0.000000
2025-05-18 12:12:20,753 [INFO] __main__: Epoch 1 → avg train loss: 0.770884
2025-05-18 12:12:20,886 [INFO] __main__: Epoch 1 → avg validation loss: 0.000000
2025-05-18 12:12:21,104 [INFO] __main__: Epoch 2 → avg train loss: 0.893347
2025-05-18 12:12:21,225 [INFO] __main__: Epoch 2 → avg validation loss: 0.000000
2025-05-18 12:12:21,424 [INFO] __main__: Epoch 3 → avg train loss: 0.328818
2025-05-18 12:12:21,549 [INFO] __main__: Epoch 3 → avg validation loss: 0.554357
2025-05-18 12:12:21,751 [INFO] __main__: Epoch 4 → avg train loss: 0.723102
2025-05-18 12:12:21,876 [INFO] __main__: Epoch 4 → avg validation loss: 0.615949
2025-05-18 12:12:22,085 [INFO] __main__: Epoch 5 → avg train loss: 0.807133
2025-05-18 12:12:22,219 [INFO] __main__: Epoch 5 → avg validation loss: 0.000000
2025-05-18 12:12:22,417 [INFO] __main__: Epoch 6 → avg train loss: 0.549942
2025-05-18 12:12:22,548 [INFO] __main__: Epoch 6 → avg validation loss: 0.661565
2025-05-18 12:12:22,753 [INFO] __main__: Epoch 7 → avg train loss: 0.645505
2025-05-18 12:12:22,877 [INFO] __main__: Epoch 7 → avg validation loss: 0.000000
2025-05-18 12:12:23,081 [INFO] __main__: Epoch 8 → avg train loss: 0.913811
2025-05-18 12:12:23,207 [INFO] __main__: Epoch 8 → avg validation loss: 0.215913
2025-05-18 12:12:23,406 [INFO] __main__: Epoch 9 → avg train loss: 0.439831
2025-05-18 12:12:23,537 [INFO] __main__: Epoch 9 → avg validation loss: 0.386310
2025-05-18 12:12:24,056 [INFO] __main__: Shape model training completed.
