2025-05-17 10:38:07.189 [info] [main] Log level: Info
2025-05-17 10:38:07.189 [info] [main] Validating found git in: "git"
2025-05-17 10:38:07.189 [info] [main] Using git "2.42.0" from "git"
2025-05-17 10:38:07.189 [info] [Model][doInitialScan] Initial repository scan started
2025-05-17 10:38:07.189 [info] > git rev-parse --show-toplevel [6ms]
2025-05-17 10:38:07.189 [info] > git rev-parse --git-dir --git-common-dir [4ms]
2025-05-17 10:38:07.189 [info] [Model][openRepository] Opened repository (path): /teamspace/studios/this_studio
2025-05-17 10:38:07.189 [info] [Model][openRepository] Opened repository (real path): /teamspace/studios/this_studio
2025-05-17 10:38:07.189 [info] [Git][getRemotes] No remotes found in the git config file
2025-05-17 10:38:07.189 [info] > git config --get commit.template [4ms]
2025-05-17 10:38:07.189 [info] > git for-each-ref --format=%(refname)%00%(upstream:short)%00%(objectname)%00%(upstream:track)%00%(upstream:remotename)%00%(upstream:remoteref) refs/heads/main refs/remotes/main [27ms]
2025-05-17 10:38:07.398 [info] > git rev-parse --show-toplevel [5ms]
2025-05-17 10:38:07.408 [info] > git rev-parse --show-toplevel [5ms]
2025-05-17 10:38:07.417 [info] > git rev-parse --show-toplevel [3ms]
2025-05-17 10:38:07.430 [info] > git rev-parse --show-toplevel [6ms]
2025-05-17 10:38:07.443 [info] > git rev-parse --show-toplevel [6ms]
2025-05-17 10:38:07.458 [info] > git rev-parse --show-toplevel [7ms]
2025-05-17 10:38:07.472 [info] > git rev-parse --show-toplevel [7ms]
2025-05-17 10:38:07.487 [info] > git rev-parse --show-toplevel [7ms]
2025-05-17 10:38:07.503 [info] > git rev-parse --show-toplevel [6ms]
2025-05-17 10:38:07.512 [info] > git rev-parse --show-toplevel [5ms]
2025-05-17 10:38:07.524 [info] > git rev-parse --show-toplevel [4ms]
2025-05-17 10:38:07.535 [info] > git rev-parse --show-toplevel [7ms]
2025-05-17 10:38:07.555 [info] > git rev-parse --show-toplevel [13ms]
2025-05-17 10:38:07.569 [info] > git rev-parse --show-toplevel [6ms]
2025-05-17 10:38:07.585 [info] > git rev-parse --show-toplevel [9ms]
2025-05-17 10:38:07.596 [info] > git rev-parse --show-toplevel [5ms]
2025-05-17 10:38:07.617 [info] > git rev-parse --show-toplevel [3ms]
2025-05-17 10:38:07.638 [info] > git rev-parse --show-toplevel [8ms]
2025-05-17 10:38:07.652 [info] > git rev-parse --show-toplevel [2ms]
2025-05-17 10:38:07.669 [info] > git for-each-ref --sort -committerdate --format %(refname)%00%(objectname)%00%(*objectname) [551ms]
2025-05-17 10:38:07.671 [info] > git rev-parse --show-toplevel [8ms]
2025-05-17 10:38:07.680 [info] > git rev-parse --show-toplevel [4ms]
2025-05-17 10:38:07.690 [info] [Model][doInitialScan] Initial repository scan completed - repositories (1), closed repositories (0), parent repositories (0), unsafe repositories (0)
2025-05-17 10:38:07.796 [info] > git check-ignore -v -z --stdin [10ms]
2025-05-17 10:38:09.373 [info] > git check-ignore -v -z --stdin [11ms]
2025-05-17 10:38:14.424 [info] > git ls-files --stage -- dataloader/highres_texture_adapter.py [9ms]
2025-05-17 10:38:14.566 [info] > git cat-file -s 40d27fe4b038b7a28517f488f0c85e3900bb5236 [136ms]
2025-05-17 10:38:14.598 [info] > git show --textconv :dataloader/highres_texture_adapter.py [187ms]
2025-05-17 10:38:33.763 [info] > git blame --root --incremental df39d1bc3d28acd5bcf2a96e095833b2b2b9a73e -- dataloader/highres_texture_adapter.py [316ms]
2025-05-17 10:38:42.658 [info] > git status -z -uall [35548ms] (cancelled)
2025-05-17 10:38:44.869 [info] > git for-each-ref --format=%(refname)%00%(upstream:short)%00%(objectname)%00%(upstream:track)%00%(upstream:remotename)%00%(upstream:remoteref) refs/heads/main refs/remotes/main [2215ms]
2025-05-17 10:38:44.902 [info] > git config --get --local branch.main.vscode-merge-base [23ms]
2025-05-17 10:38:44.903 [warning] [Git][config] git config failed: Failed to execute git
2025-05-17 10:38:44.911 [info] > git config --get commit.template [62ms]
2025-05-17 10:38:44.930 [info] [Git][getRemotes] No remotes found in the git config file
2025-05-17 10:38:44.964 [info] > git for-each-ref --format=%(refname)%00%(upstream:short)%00%(objectname)%00%(upstream:track)%00%(upstream:remotename)%00%(upstream:remoteref) refs/heads/main refs/remotes/main [33ms]
2025-05-17 10:38:45.205 [info] > git reflog main --grep-reflog=branch: Created from *. [295ms]
2025-05-17 10:38:45.224 [info] > git for-each-ref --sort -committerdate --format %(refname)%00%(objectname)%00%(*objectname) [242ms]
2025-05-17 10:38:51.161 [info] > git ls-files --stage -- dataloader/lowres_image_dataloader.py [4ms]
2025-05-17 10:38:51.273 [info] > git cat-file -s b4af7d7e415176f783586c97cb2bb74deb9eed04 [106ms]
2025-05-17 10:38:51.321 [info] > git show --textconv :dataloader/lowres_image_dataloader.py [170ms]
2025-05-17 10:38:54.450 [info] > git blame --root --incremental df39d1bc3d28acd5bcf2a96e095833b2b2b9a73e -- dataloader/lowres_image_dataloader.py [265ms]
2025-05-17 10:39:01.794 [info] > git status -z -uall [16819ms] (cancelled)
2025-05-17 10:40:15.458 [info] > git check-ignore -v -z --stdin [24ms]
2025-05-17 10:40:18.373 [info] > git check-ignore -v -z --stdin [6ms]
2025-05-17 10:40:26.133 [info] > git check-ignore -v -z --stdin [7ms]
2025-05-17 10:40:28.215 [info] > git check-ignore -v -z --stdin [7ms]
2025-05-17 10:45:39.809 [info] > git ls-files --stage -- dataloader/visualize_dataloader.py [5ms]
2025-05-17 10:45:40.090 [info] > git cat-file -s fef09b65e78323769683ed51f31cb6de5d9905fd [268ms]
2025-05-17 10:45:40.091 [info] > git show --textconv :dataloader/visualize_dataloader.py [295ms]
2025-05-17 10:45:42.816 [info] > git blame --root --incremental df39d1bc3d28acd5bcf2a96e095833b2b2b9a73e -- dataloader/visualize_dataloader.py [175ms]
2025-05-17 10:46:10.158 [info] > git check-ignore -v -z --stdin [7ms]
2025-05-17 10:46:11.178 [info] > git check-ignore -v -z --stdin [143ms]
2025-05-17 10:46:12.489 [info] > git check-ignore -v -z --stdin [4ms]
2025-05-17 10:46:15.787 [info] > git ls-files --stage -- scripts/visualize.py [3ms]
2025-05-17 10:46:16.002 [info] > git cat-file -s 11308e8f88f767b79b0e655d5348e13afba5fbba [209ms]
2025-05-17 10:46:16.003 [info] > git show --textconv :scripts/visualize.py [226ms]
2025-05-17 10:46:24.585 [info] > git check-ignore -v -z --stdin [4ms]
2025-05-17 10:46:27.300 [info] > git ls-files --stage -- scripts/temp/visualize_lowres_samples.py [4ms]
2025-05-17 10:46:27.524 [info] > git cat-file -s 697a321a9a605cf2f28d7697dd32f7c316ed4ac4 [216ms]
2025-05-17 10:46:27.571 [info] > git show --textconv :scripts/temp/visualize_lowres_samples.py [283ms]
2025-05-17 10:46:28.300 [info] > git blame --root --incremental df39d1bc3d28acd5bcf2a96e095833b2b2b9a73e -- scripts/temp/visualize_lowres_samples.py [382ms]
2025-05-17 10:48:13.993 [info] > git ls-files --stage -- dataloader/lowres_image_dataloader.py [3ms]
2025-05-17 10:48:14.267 [info] > git show --textconv :dataloader/lowres_image_dataloader.py [284ms]
2025-05-17 10:48:14.268 [info] > git cat-file -s b4af7d7e415176f783586c97cb2bb74deb9eed04 [270ms]
2025-05-17 10:48:30.932 [info] > git check-ignore -v -z --stdin [3ms]
2025-05-17 10:49:00.179 [info] > git rev-parse --show-toplevel [88ms]
2025-05-17 10:49:00.179 [info] fatal: not a git repository (or any parent up to mount point /system)
Stopping at filesystem boundary (GIT_DISCOVERY_ACROSS_FILESYSTEM not set).
2025-05-17 10:49:02.577 [info] > git rev-parse --show-toplevel [3ms]
2025-05-17 10:49:02.577 [info] fatal: not a git repository (or any parent up to mount point /system)
Stopping at filesystem boundary (GIT_DISCOVERY_ACROSS_FILESYSTEM not set).
2025-05-17 10:49:11.189 [info] > git rev-parse --show-toplevel [2ms]
2025-05-17 10:49:11.189 [info] fatal: not a git repository (or any parent up to mount point /system)
Stopping at filesystem boundary (GIT_DISCOVERY_ACROSS_FILESYSTEM not set).
2025-05-17 10:49:16.127 [info] > git ls-files --stage -- dataloader/lowres_image_dataloader.py [3ms]
2025-05-17 10:49:16.375 [info] > git show --textconv :dataloader/lowres_image_dataloader.py [256ms]
2025-05-17 10:49:16.375 [info] > git cat-file -s b4af7d7e415176f783586c97cb2bb74deb9eed04 [243ms]
2025-05-17 10:50:03.184 [info] > git check-ignore -v -z --stdin [3ms]
2025-05-17 10:50:05.030 [info] > git ls-files --stage -- configs/lowres_texture_config.yaml [9ms]
2025-05-17 10:50:05.175 [info] > git show --textconv :configs/lowres_texture_config.yaml [168ms]
2025-05-17 10:50:05.175 [info] > git cat-file -s 0a5259322f756729208dd6870b94fd55ac802c22 [139ms]
2025-05-17 10:50:05.258 [info] > git show --textconv HEAD:configs/lowres_texture_config.yaml [244ms]
2025-05-17 10:50:05.258 [info] > git ls-tree -l HEAD -- configs/lowres_texture_config.yaml [229ms]
2025-05-17 10:50:08.297 [info] > git blame --root --incremental df39d1bc3d28acd5bcf2a96e095833b2b2b9a73e -- configs/lowres_texture_config.yaml [243ms]
2025-05-17 10:50:39.732 [info] > git ls-files --stage -- scripts/temp/visualize_lowres_samples.py [3ms]
2025-05-17 10:50:40.000 [info] > git show --textconv :scripts/temp/visualize_lowres_samples.py [278ms]
2025-05-17 10:50:40.000 [info] > git cat-file -s 697a321a9a605cf2f28d7697dd32f7c316ed4ac4 [263ms]
2025-05-17 10:52:05.226 [info] > git ls-files --stage -- configs/lowres_texture_config.yaml [6ms]
2025-05-17 10:52:05.355 [info] > git show --textconv :configs/lowres_texture_config.yaml [152ms]
2025-05-17 10:52:05.355 [info] > git cat-file -s 0a5259322f756729208dd6870b94fd55ac802c22 [125ms]
2025-05-17 10:52:05.620 [info] > git ls-tree -l HEAD -- configs/lowres_texture_config.yaml [395ms]
2025-05-17 10:52:05.636 [info] > git show --textconv HEAD:configs/lowres_texture_config.yaml [424ms]
2025-05-17 10:52:07.316 [info] > git ls-files --stage -- dataloader/lowres_image_dataloader.py [3ms]
2025-05-17 10:52:07.519 [info] > git show --textconv :dataloader/lowres_image_dataloader.py [212ms]
2025-05-17 10:52:07.520 [info] > git cat-file -s b4af7d7e415176f783586c97cb2bb74deb9eed04 [200ms]
2025-05-17 10:53:38.152 [info] > git ls-files --stage -- scripts/temp/visualize_lowres_samples.py [5ms]
2025-05-17 10:53:38.372 [info] > git show --textconv :scripts/temp/visualize_lowres_samples.py [233ms]
2025-05-17 10:53:38.372 [info] > git cat-file -s 697a321a9a605cf2f28d7697dd32f7c316ed4ac4 [215ms]
2025-05-17 10:55:41.884 [info] > git ls-files --stage -- dataloader/lowres_image_dataloader.py [3ms]
2025-05-17 10:55:42.183 [info] > git cat-file -s b4af7d7e415176f783586c97cb2bb74deb9eed04 [294ms]
2025-05-17 10:55:42.240 [info] > git show --textconv :dataloader/lowres_image_dataloader.py [366ms]
2025-05-17 10:56:02.141 [info] > git ls-files --stage -- scripts/temp/visualize_lowres_samples.py [4ms]
2025-05-17 10:56:02.318 [info] > git show --textconv :scripts/temp/visualize_lowres_samples.py [186ms]
2025-05-17 10:56:02.319 [info] > git cat-file -s 697a321a9a605cf2f28d7697dd32f7c316ed4ac4 [174ms]
2025-05-17 10:56:58.048 [info] > git ls-files --stage -- dataloader/lowres_image_dataloader.py [3ms]
2025-05-17 10:56:58.249 [info] > git cat-file -s b4af7d7e415176f783586c97cb2bb74deb9eed04 [196ms]
2025-05-17 10:56:58.250 [info] > git show --textconv :dataloader/lowres_image_dataloader.py [210ms]
