2025-05-17 11:39:32.612 [info] [main] Log level: Info
2025-05-17 11:39:32.613 [info] [main] Validating found git in: "git"
2025-05-17 11:39:32.613 [info] [main] Using git "2.42.0" from "git"
2025-05-17 11:39:32.613 [info] [Model][doInitialScan] Initial repository scan started
2025-05-17 11:39:32.613 [info] > git rev-parse --show-toplevel [240ms]
2025-05-17 11:39:32.613 [info] > git rev-parse --git-dir --git-common-dir [453ms]
2025-05-17 11:39:32.613 [info] [Model][openRepository] Opened repository (path): /teamspace/studios/this_studio
2025-05-17 11:39:32.613 [info] [Model][openRepository] Opened repository (real path): /teamspace/studios/this_studio
2025-05-17 11:39:32.613 [info] > git config --get commit.template [37ms]
2025-05-17 11:39:32.628 [info] [Git][getRemotes] No remotes found in the git config file
2025-05-17 11:39:32.629 [info] > git rev-parse --show-toplevel [19ms]
2025-05-17 11:39:33.702 [info] > git for-each-ref --format=%(refname)%00%(upstream:short)%00%(objectname)%00%(upstream:track)%00%(upstream:remotename)%00%(upstream:remoteref) refs/heads/main refs/remotes/main [1074ms]
2025-05-17 11:39:33.748 [info] > git for-each-ref --sort -committerdate --format %(refname)%00%(objectname)%00%(*objectname) [17ms]
2025-05-17 11:39:34.454 [info] > git check-ignore -v -z --stdin [18ms]
2025-05-17 11:39:34.543 [info] > git rev-parse --show-toplevel [5ms]
2025-05-17 11:39:34.570 [info] > git rev-parse --show-toplevel [14ms]
2025-05-17 11:39:34.584 [info] > git rev-parse --show-toplevel [6ms]
2025-05-17 11:39:34.599 [info] > git rev-parse --show-toplevel [5ms]
2025-05-17 11:39:34.614 [info] > git rev-parse --show-toplevel [3ms]
2025-05-17 11:39:35.077 [info] > git rev-parse --show-toplevel [454ms]
2025-05-17 11:39:35.121 [info] > git rev-parse --show-toplevel [36ms]
2025-05-17 11:39:35.149 [info] > git rev-parse --show-toplevel [7ms]
2025-05-17 11:39:35.177 [info] > git rev-parse --show-toplevel [22ms]
2025-05-17 11:39:35.194 [info] > git rev-parse --show-toplevel [4ms]
2025-05-17 11:39:35.252 [info] > git rev-parse --show-toplevel [39ms]
2025-05-17 11:39:35.289 [info] > git rev-parse --show-toplevel [12ms]
2025-05-17 11:39:35.319 [info] > git rev-parse --show-toplevel [15ms]
2025-05-17 11:39:35.350 [info] > git rev-parse --show-toplevel [6ms]
2025-05-17 11:39:35.361 [info] > git rev-parse --show-toplevel [3ms]
2025-05-17 11:39:35.379 [info] > git rev-parse --show-toplevel [10ms]
2025-05-17 11:39:35.539 [info] > git rev-parse --show-toplevel [153ms]
2025-05-17 11:39:35.575 [info] > git rev-parse --show-toplevel [24ms]
2025-05-17 11:39:35.619 [info] > git rev-parse --show-toplevel [15ms]
2025-05-17 11:39:35.631 [info] > git rev-parse --show-toplevel [6ms]
2025-05-17 11:39:35.648 [info] > git rev-parse --show-toplevel [9ms]
2025-05-17 11:39:35.659 [info] > git rev-parse --show-toplevel [3ms]
2025-05-17 11:39:35.673 [info] > git rev-parse --show-toplevel [5ms]
2025-05-17 11:39:35.686 [info] > git rev-parse --show-toplevel [4ms]
2025-05-17 11:39:35.689 [info] [Model][doInitialScan] Initial repository scan completed - repositories (1), closed repositories (0), parent repositories (0), unsafe repositories (0)
2025-05-17 11:39:35.723 [info] > git show --textconv :dataloader/lowres_image_dataloader.py [22ms]
2025-05-17 11:39:35.725 [info] > git ls-files --stage -- dataloader/lowres_image_dataloader.py [8ms]
2025-05-17 11:39:35.893 [info] > git cat-file -s b4af7d7e415176f783586c97cb2bb74deb9eed04 [159ms]
2025-05-17 11:39:36.597 [info] > git blame --root --incremental df39d1bc3d28acd5bcf2a96e095833b2b2b9a73e -- dataloader/lowres_image_dataloader.py [58ms]
2025-05-17 11:39:41.710 [info] > git status -z -uall [7990ms] (cancelled)
2025-05-17 11:39:43.508 [info] > git for-each-ref --format=%(refname)%00%(upstream:short)%00%(objectname)%00%(upstream:track)%00%(upstream:remotename)%00%(upstream:remoteref) refs/heads/main refs/remotes/main [1823ms]
2025-05-17 11:39:43.531 [info] > git config --get commit.template [39ms]
2025-05-17 11:39:43.532 [info] > git config --get --local branch.main.vscode-merge-base [10ms]
2025-05-17 11:39:43.532 [warning] [Git][config] git config failed: Failed to execute git
2025-05-17 11:39:43.549 [info] [Git][getRemotes] No remotes found in the git config file
2025-05-17 11:39:43.550 [info] > git reflog main --grep-reflog=branch: Created from *. [11ms]
2025-05-17 11:39:43.557 [info] > git for-each-ref --format=%(refname)%00%(upstream:short)%00%(objectname)%00%(upstream:track)%00%(upstream:remotename)%00%(upstream:remoteref) refs/heads/main refs/remotes/main [8ms]
2025-05-17 11:39:43.811 [info] > git for-each-ref --sort -committerdate --format %(refname)%00%(objectname)%00%(*objectname) [244ms]
2025-05-17 11:39:47.591 [info] > git status -z -uall [4030ms] (cancelled)
2025-05-17 11:49:30.299 [info] > git rev-parse --show-toplevel [3ms]
2025-05-17 11:49:30.300 [info] fatal: not a git repository (or any parent up to mount point /system)
Stopping at filesystem boundary (GIT_DISCOVERY_ACROSS_FILESYSTEM not set).
2025-05-17 11:49:32.259 [info] > git show --textconv :dataloader/lowres_image_dataloader.py [13ms]
2025-05-17 11:49:32.261 [info] > git ls-files --stage -- dataloader/lowres_image_dataloader.py [3ms]
2025-05-17 11:49:32.274 [info] > git cat-file -s b4af7d7e415176f783586c97cb2bb74deb9eed04 [3ms]
2025-05-17 11:59:51.082 [info] > git check-ignore -v -z --stdin [5ms]
2025-05-17 11:59:51.233 [info] > git show --textconv :scripts/temp/visualize_lowres_samples.py [92ms]
2025-05-17 11:59:51.234 [info] > git ls-files --stage -- scripts/temp/visualize_lowres_samples.py [84ms]
2025-05-17 11:59:51.249 [info] > git cat-file -s 697a321a9a605cf2f28d7697dd32f7c316ed4ac4 [4ms]
2025-05-17 11:59:51.549 [info] > git blame --root --incremental df39d1bc3d28acd5bcf2a96e095833b2b2b9a73e -- scripts/temp/visualize_lowres_samples.py [8ms]
2025-05-17 11:59:52.456 [info] > git check-ignore -v -z --stdin [5ms]
2025-05-17 12:00:22.340 [info] > git check-ignore -v -z --stdin [9ms]
2025-05-17 12:00:23.373 [info] > git check-ignore -v -z --stdin [3ms]
2025-05-17 12:00:31.573 [info] > git check-ignore -v -z --stdin [73ms]
2025-05-17 12:00:39.025 [info] > git check-ignore -v -z --stdin [4ms]
2025-05-17 12:00:45.427 [info] > git check-ignore -v -z --stdin [3ms]
2025-05-17 12:45:48.700 [info] > git ls-files --stage -- dataloader/lowres_contrastive_dataloader.py [4ms]
2025-05-17 12:45:48.711 [info] > git show --textconv :dataloader/lowres_contrastive_dataloader.py [27ms]
2025-05-17 12:45:48.715 [info] > git cat-file -s 3154915423f6887429ed80e8fcd55659b25ca4b3 [5ms]
2025-05-17 12:45:50.793 [info] > git blame --root --incremental df39d1bc3d28acd5bcf2a96e095833b2b2b9a73e -- dataloader/lowres_contrastive_dataloader.py [10ms]
2025-05-17 12:46:23.104 [info] > git check-ignore -v -z --stdin [4ms]
2025-05-17 12:46:28.647 [info] > git check-ignore -v -z --stdin [5ms]
2025-05-17 12:46:28.900 [info] > git show --textconv :dataloader/temp/lowres_contrastive_dataloader.py [10ms]
2025-05-17 12:46:28.911 [info] > git ls-files --stage -- dataloader/temp/lowres_contrastive_dataloader.py [11ms]
2025-05-17 12:46:28.919 [info] > git hash-object -t tree /dev/null [9ms]
2025-05-17 12:46:28.920 [warning] [GitFileSystemProvider][readFile] File not found - git:/teamspace/studios/this_studio/dataloader/temp/lowres_contrastive_dataloader.py.git?%7B%22path%22%3A%22%2Fteamspace%2Fstudios%2Fthis_studio%2Fdataloader%2Ftemp%2Flowres_contrastive_dataloader.py%22%2C%22ref%22%3A%22%22%7D
2025-05-17 12:46:29.040 [info] > git hash-object -t tree /dev/null [121ms]
2025-05-17 12:46:29.040 [warning] [GitFileSystemProvider][stat] File not found - git:/teamspace/studios/this_studio/dataloader/temp/lowres_contrastive_dataloader.py.git?%7B%22path%22%3A%22%2Fteamspace%2Fstudios%2Fthis_studio%2Fdataloader%2Ftemp%2Flowres_contrastive_dataloader.py%22%2C%22ref%22%3A%22%22%7D
2025-05-17 12:46:29.356 [info] > git blame --root --incremental df39d1bc3d28acd5bcf2a96e095833b2b2b9a73e -- dataloader/temp/lowres_contrastive_dataloader.py [4ms]
2025-05-17 12:46:29.356 [info] fatal: no such path dataloader/temp/lowres_contrastive_dataloader.py in df39d1bc3d28acd5bcf2a96e095833b2b2b9a73e
2025-05-17 12:46:33.330 [info] > git check-ignore -v -z --stdin [11ms]
2025-05-17 12:46:44.864 [info] > git check-ignore -v -z --stdin [24ms]
2025-05-17 12:46:48.608 [info] > git check-ignore -v -z --stdin [6ms]
2025-05-17 12:47:36.224 [info] > git show --textconv :dataloader/lowres_texture_adapter.py [11ms]
2025-05-17 12:47:36.227 [info] > git ls-files --stage -- dataloader/lowres_texture_adapter.py [4ms]
2025-05-17 12:47:36.239 [info] > git cat-file -s 262529a349b6b9236c9f2f49541d4b0a0c4d2873 [3ms]
2025-05-17 12:47:37.007 [info] > git blame --root --incremental df39d1bc3d28acd5bcf2a96e095833b2b2b9a73e -- dataloader/lowres_texture_adapter.py [5ms]
2025-05-17 12:47:47.305 [info] > git check-ignore -v -z --stdin [4ms]
2025-05-17 12:47:51.733 [info] > git check-ignore -v -z --stdin [5ms]
2025-05-17 12:47:52.105 [info] > git show --textconv :dataloader/temp/lowres_texture_adapter.py [11ms]
2025-05-17 12:47:52.105 [warning] [GitFileSystemProvider][readFile] File not found - git:/teamspace/studios/this_studio/dataloader/temp/lowres_texture_adapter.py.git?%7B%22path%22%3A%22%2Fteamspace%2Fstudios%2Fthis_studio%2Fdataloader%2Ftemp%2Flowres_texture_adapter.py%22%2C%22ref%22%3A%22%22%7D
2025-05-17 12:47:52.108 [info] > git ls-files --stage -- dataloader/temp/lowres_texture_adapter.py [4ms]
2025-05-17 12:47:52.108 [warning] [GitFileSystemProvider][stat] File not found - git:/teamspace/studios/this_studio/dataloader/temp/lowres_texture_adapter.py.git?%7B%22path%22%3A%22%2Fteamspace%2Fstudios%2Fthis_studio%2Fdataloader%2Ftemp%2Flowres_texture_adapter.py%22%2C%22ref%22%3A%22%22%7D
2025-05-17 12:47:52.574 [info] > git blame --root --incremental df39d1bc3d28acd5bcf2a96e095833b2b2b9a73e -- dataloader/temp/lowres_texture_adapter.py [6ms]
2025-05-17 12:47:52.575 [info] fatal: no such path dataloader/temp/lowres_texture_adapter.py in df39d1bc3d28acd5bcf2a96e095833b2b2b9a73e
2025-05-17 12:48:13.684 [info] > git show --textconv :configs/highres_texture_config.yaml [31ms]
2025-05-17 12:48:13.684 [info] > git show --textconv HEAD:configs/highres_texture_config.yaml [21ms]
2025-05-17 12:48:13.684 [info] > git ls-files --stage -- configs/highres_texture_config.yaml [11ms]
2025-05-17 12:48:13.695 [info] > git ls-tree -l HEAD -- configs/highres_texture_config.yaml [13ms]
2025-05-17 12:48:13.698 [info] > git cat-file -s b0d072504ab1140f857f8d7bd1b3821197f62985 [4ms]
2025-05-17 12:48:14.684 [info] > git show --textconv :configs/shape_config.yaml [30ms]
2025-05-17 12:48:14.685 [info] > git show --textconv HEAD:configs/shape_config.yaml [21ms]
2025-05-17 12:48:14.685 [info] > git ls-files --stage -- configs/shape_config.yaml [10ms]
2025-05-17 12:48:14.695 [info] > git ls-tree -l HEAD -- configs/shape_config.yaml [11ms]
2025-05-17 12:48:14.698 [info] > git cat-file -s a9ccdc0fee16197a1e9200c7dd0713b15a5bbc4b [5ms]
2025-05-17 12:48:15.168 [info] > git blame --root --incremental df39d1bc3d28acd5bcf2a96e095833b2b2b9a73e -- configs/shape_config.yaml [5ms]
2025-05-17 12:48:19.411 [info] > git show --textconv :configs/lowres_texture_config.yaml [35ms]
2025-05-17 12:48:19.411 [info] > git show --textconv HEAD:configs/lowres_texture_config.yaml [22ms]
2025-05-17 12:48:19.411 [info] > git ls-files --stage -- configs/lowres_texture_config.yaml [10ms]
2025-05-17 12:48:19.420 [info] > git ls-tree -l HEAD -- configs/lowres_texture_config.yaml [10ms]
2025-05-17 12:48:19.431 [info] > git cat-file -s b2a582db661ddc761ffa88721902b1607ff760fd [11ms]
2025-05-17 12:48:19.727 [info] > git blame --root --incremental df39d1bc3d28acd5bcf2a96e095833b2b2b9a73e -- configs/lowres_texture_config.yaml [5ms]
2025-05-17 12:50:38.957 [info] > git show --textconv :train_morphofeatures_models.py [29ms]
2025-05-17 12:50:38.958 [info] > git show --textconv HEAD:train_morphofeatures_models.py [20ms]
2025-05-17 12:50:38.958 [info] > git ls-files --stage -- train_morphofeatures_models.py [11ms]
2025-05-17 12:50:38.967 [info] > git ls-tree -l HEAD -- train_morphofeatures_models.py [11ms]
2025-05-17 12:50:38.969 [info] > git cat-file -s 28eb56d1dcc451a37330285157b70384b59d4f29 [3ms]
2025-05-17 12:50:39.463 [info] > git blame --root --incremental df39d1bc3d28acd5bcf2a96e095833b2b2b9a73e -- train_morphofeatures_models.py [5ms]
2025-05-17 13:00:27.254 [info] > git ls-files --stage -- dataloader/lowres_image_dataloader.py [3ms]
2025-05-17 13:00:27.264 [info] > git show --textconv :dataloader/lowres_image_dataloader.py [23ms]
2025-05-17 13:00:27.268 [info] > git cat-file -s 775c0fd5cfb5a0668d528e4e5814b9dff0abbab1 [5ms]
2025-05-17 13:00:38.663 [info] > git show --textconv :train_morphofeatures_models.py [28ms]
2025-05-17 13:00:38.663 [info] > git show --textconv HEAD:train_morphofeatures_models.py [19ms]
2025-05-17 13:00:38.663 [info] > git ls-files --stage -- train_morphofeatures_models.py [10ms]
2025-05-17 13:00:38.673 [info] > git ls-tree -l HEAD -- train_morphofeatures_models.py [11ms]
2025-05-17 13:00:38.675 [info] > git cat-file -s 28eb56d1dcc451a37330285157b70384b59d4f29 [3ms]
2025-05-17 13:04:02.297 [info] > git ls-files --stage -- train_all_models.sh [6ms]
2025-05-17 13:04:02.316 [info] > git show --textconv :train_all_models.sh [47ms]
2025-05-17 13:04:02.327 [info] > git cat-file -s bdbd9f99ac2abd399d4ff1c762c38c13d1e4e219 [12ms]
2025-05-17 13:04:03.516 [info] > git blame --root --incremental df39d1bc3d28acd5bcf2a96e095833b2b2b9a73e -- train_all_models.sh [22ms]
2025-05-17 13:04:41.053 [info] > git ls-files --stage -- train_all_models.sh [5ms]
2025-05-17 13:04:41.069 [info] > git cat-file -s bdbd9f99ac2abd399d4ff1c762c38c13d1e4e219 [6ms]
2025-05-17 13:04:41.373 [info] > git show --textconv :train_all_models.sh [5ms]
2025-05-17 13:04:56.188 [info] > git show --textconv :configs/highres_texture_config.yaml [30ms]
2025-05-17 13:04:56.189 [info] > git show --textconv HEAD:configs/highres_texture_config.yaml [22ms]
2025-05-17 13:04:56.189 [info] > git ls-files --stage -- configs/highres_texture_config.yaml [13ms]
2025-05-17 13:04:56.198 [info] > git ls-tree -l HEAD -- configs/highres_texture_config.yaml [11ms]
2025-05-17 13:04:56.201 [info] > git cat-file -s b0d072504ab1140f857f8d7bd1b3821197f62985 [3ms]
2025-05-17 13:04:56.634 [info] > git blame --root --incremental df39d1bc3d28acd5bcf2a96e095833b2b2b9a73e -- configs/highres_texture_config.yaml [7ms]
2025-05-17 13:05:37.261 [info] > git ls-files --stage -- configs/highres_texture_config.yaml [8ms]
2025-05-17 13:05:37.269 [info] > git ls-tree -l HEAD -- configs/highres_texture_config.yaml [12ms]
2025-05-17 13:05:37.274 [info] > git cat-file -s b0d072504ab1140f857f8d7bd1b3821197f62985 [5ms]
